<?xml version="1.0" encoding="UTF-8"?>
<testng-results ignored="0" total="2" passed="2" failed="0" skipped="0">
  <reporter-output>
  </reporter-output>
  <suite started-at="2022-05-24T11:23:30 IST" name="Default suite" finished-at="2022-05-24T11:23:34 IST" duration-ms="3644">
    <groups>
    </groups>
    <test started-at="2022-05-24T11:23:30 IST" name="Default test" finished-at="2022-05-24T11:23:34 IST" duration-ms="3644">
      <class name="RestAPITask.Pet1$HomeTask1">
        <test-method signature="put()[pri:0, instance:RestAPITask.Pet1$HomeTask1@62150f9e]" started-at="2022-05-24T11:23:30 IST" name="put" finished-at="2022-05-24T11:23:34 IST" duration-ms="3294" status="PASS">
          <reporter-output>
          </reporter-output>
        </test-method> <!-- put -->
        <test-method signature="get()[pri:1, instance:RestAPITask.Pet1$HomeTask1@62150f9e]" started-at="2022-05-24T11:23:34 IST" name="get" finished-at="2022-05-24T11:23:34 IST" duration-ms="316" status="PASS">
          <reporter-output>
          </reporter-output>
        </test-method> <!-- get -->
      </class> <!-- RestAPITask.Pet1$HomeTask1 -->
    </test> <!-- Default test -->
  </suite> <!-- Default suite -->
</testng-results>
