<?xml version="1.0" encoding="UTF-8"?>
<!-- Generated by org.testng.reporters.JUnitReportReporter -->
<testsuite hostname="EPINHYDW07A9" failures="0" tests="2" name="RestAPITask.Task3$HomeTask1" time="2.736" errors="0" timestamp="2022-05-24T19:01:25 IST" skipped="0">
  <testcase classname="RestAPITask.Task3$HomeTask1" name="put" time="2.610"/>
  <system-out/>
  <testcase classname="RestAPITask.Task3$HomeTask1" name="get" time="0.126"/>
  <system-out/>
</testsuite> <!-- RestAPITask.Task3$HomeTask1 -->
